mode: set
github.com/jef/moltenhub-code/internal/hubui/broker.go:137.26,147.2 1 1
github.com/jef/moltenhub-code/internal/hubui/broker.go:150.41,151.14 1 1
github.com/jef/moltenhub-code/internal/hubui/broker.go:151.14,153.3 1 0
github.com/jef/moltenhub-code/internal/hubui/broker.go:154.2,155.16 2 1
github.com/jef/moltenhub-code/internal/hubui/broker.go:155.16,157.3 1 0
github.com/jef/moltenhub-code/internal/hubui/broker.go:159.2,177.21 9 1
github.com/jef/moltenhub-code/internal/hubui/broker.go:177.21,180.3 2 1
github.com/jef/moltenhub-code/internal/hubui/broker.go:181.2,184.29 3 1
github.com/jef/moltenhub-code/internal/hubui/broker.go:188.38,189.14 1 1
github.com/jef/moltenhub-code/internal/hubui/broker.go:189.14,191.3 1 0
github.com/jef/moltenhub-code/internal/hubui/broker.go:193.2,213.28 7 1
github.com/jef/moltenhub-code/internal/hubui/broker.go:213.28,215.3 1 1
github.com/jef/moltenhub-code/internal/hubui/broker.go:216.2,216.40 1 1
github.com/jef/moltenhub-code/internal/hubui/broker.go:216.40,217.51 1 1
github.com/jef/moltenhub-code/internal/hubui/broker.go:217.51,219.4 1 0
github.com/jef/moltenhub-code/internal/hubui/broker.go:220.3,220.54 1 1
github.com/jef/moltenhub-code/internal/hubui/broker.go:223.2,224.26 2 1
github.com/jef/moltenhub-code/internal/hubui/broker.go:224.26,245.3 2 1
github.com/jef/moltenhub-code/internal/hubui/broker.go:247.2,247.17 1 1
github.com/jef/moltenhub-code/internal/hubui/broker.go:251.78,252.14 1 1
github.com/jef/moltenhub-code/internal/hubui/broker.go:252.14,254.3 1 0
github.com/jef/moltenhub-code/internal/hubui/broker.go:255.2,257.48 3 1
github.com/jef/moltenhub-code/internal/hubui/broker.go:257.48,259.3 1 0
github.com/jef/moltenhub-code/internal/hubui/broker.go:260.2,268.85 7 1
github.com/jef/moltenhub-code/internal/hubui/broker.go:268.85,271.3 2 1
github.com/jef/moltenhub-code/internal/hubui/broker.go:272.2,272.18 1 1
github.com/jef/moltenhub-code/internal/hubui/broker.go:272.18,273.60 1 1
github.com/jef/moltenhub-code/internal/hubui/broker.go:273.60,276.4 2 1
github.com/jef/moltenhub-code/internal/hubui/broker.go:278.2,278.18 1 1
github.com/jef/moltenhub-code/internal/hubui/broker.go:278.18,279.60 1 1
github.com/jef/moltenhub-code/internal/hubui/broker.go:279.60,282.4 2 1
github.com/jef/moltenhub-code/internal/hubui/broker.go:284.2,284.13 1 1
github.com/jef/moltenhub-code/internal/hubui/broker.go:284.13,286.3 1 1
github.com/jef/moltenhub-code/internal/hubui/broker.go:290.65,291.14 1 1
github.com/jef/moltenhub-code/internal/hubui/broker.go:291.14,293.3 1 0
github.com/jef/moltenhub-code/internal/hubui/broker.go:294.2,295.21 2 1
github.com/jef/moltenhub-code/internal/hubui/broker.go:295.21,297.3 1 0
github.com/jef/moltenhub-code/internal/hubui/broker.go:299.2,303.36 4 1
github.com/jef/moltenhub-code/internal/hubui/broker.go:303.36,305.3 1 1
github.com/jef/moltenhub-code/internal/hubui/broker.go:306.2,306.52 1 1
github.com/jef/moltenhub-code/internal/hubui/broker.go:310.52,311.14 1 1
github.com/jef/moltenhub-code/internal/hubui/broker.go:311.14,313.3 1 0
github.com/jef/moltenhub-code/internal/hubui/broker.go:314.2,315.21 2 1
github.com/jef/moltenhub-code/internal/hubui/broker.go:315.21,317.3 1 0
github.com/jef/moltenhub-code/internal/hubui/broker.go:319.2,323.9 4 1
github.com/jef/moltenhub-code/internal/hubui/broker.go:323.9,325.3 1 1
github.com/jef/moltenhub-code/internal/hubui/broker.go:326.2,326.41 1 1
github.com/jef/moltenhub-code/internal/hubui/broker.go:326.41,328.3 1 1
github.com/jef/moltenhub-code/internal/hubui/broker.go:330.2,333.12 4 1
github.com/jef/moltenhub-code/internal/hubui/broker.go:336.57,337.22 1 1
github.com/jef/moltenhub-code/internal/hubui/broker.go:337.22,339.3 1 0
github.com/jef/moltenhub-code/internal/hubui/broker.go:340.2,340.39 1 1
github.com/jef/moltenhub-code/internal/hubui/broker.go:340.39,341.41 1 1
github.com/jef/moltenhub-code/internal/hubui/broker.go:341.41,342.12 1 1
github.com/jef/moltenhub-code/internal/hubui/broker.go:344.3,345.34 2 1
github.com/jef/moltenhub-code/internal/hubui/broker.go:349.76,350.60 1 1
github.com/jef/moltenhub-code/internal/hubui/broker.go:350.60,352.3 1 1
github.com/jef/moltenhub-code/internal/hubui/broker.go:353.2,353.75 1 1
github.com/jef/moltenhub-code/internal/hubui/broker.go:357.56,358.14 1 1
github.com/jef/moltenhub-code/internal/hubui/broker.go:358.14,361.21 3 0
github.com/jef/moltenhub-code/internal/hubui/broker.go:361.22,361.23 0 0
github.com/jef/moltenhub-code/internal/hubui/broker.go:364.2,369.19 5 1
github.com/jef/moltenhub-code/internal/hubui/broker.go:369.19,371.30 2 1
github.com/jef/moltenhub-code/internal/hubui/broker.go:371.30,374.4 2 1
github.com/jef/moltenhub-code/internal/hubui/broker.go:375.3,375.16 1 1
github.com/jef/moltenhub-code/internal/hubui/broker.go:378.2,378.19 1 1
github.com/jef/moltenhub-code/internal/hubui/broker.go:381.79,382.44 1 1
github.com/jef/moltenhub-code/internal/hubui/broker.go:382.44,383.28 1 1
github.com/jef/moltenhub-code/internal/hubui/broker.go:383.28,385.4 1 1
github.com/jef/moltenhub-code/internal/hubui/broker.go:386.3,386.28 1 1
github.com/jef/moltenhub-code/internal/hubui/broker.go:386.28,388.4 1 1
github.com/jef/moltenhub-code/internal/hubui/broker.go:389.3,390.18 2 1
github.com/jef/moltenhub-code/internal/hubui/broker.go:393.2,402.10 3 1
github.com/jef/moltenhub-code/internal/hubui/broker.go:405.111,408.54 2 1
github.com/jef/moltenhub-code/internal/hubui/broker.go:408.54,412.23 4 1
github.com/jef/moltenhub-code/internal/hubui/broker.go:412.23,414.4 1 1
github.com/jef/moltenhub-code/internal/hubui/broker.go:414.9,416.4 1 1
github.com/jef/moltenhub-code/internal/hubui/broker.go:419.2,419.51 1 1
github.com/jef/moltenhub-code/internal/hubui/broker.go:419.51,424.3 4 1
github.com/jef/moltenhub-code/internal/hubui/broker.go:426.2,426.59 1 1
github.com/jef/moltenhub-code/internal/hubui/broker.go:426.59,430.3 3 0
github.com/jef/moltenhub-code/internal/hubui/broker.go:432.2,432.55 1 1
github.com/jef/moltenhub-code/internal/hubui/broker.go:432.55,436.3 3 1
github.com/jef/moltenhub-code/internal/hubui/broker.go:438.2,438.56 1 1
github.com/jef/moltenhub-code/internal/hubui/broker.go:438.56,439.70 1 1
github.com/jef/moltenhub-code/internal/hubui/broker.go:439.70,441.4 1 1
github.com/jef/moltenhub-code/internal/hubui/broker.go:442.3,443.61 2 1
github.com/jef/moltenhub-code/internal/hubui/broker.go:446.2,446.56 1 1
github.com/jef/moltenhub-code/internal/hubui/broker.go:446.56,448.57 2 1
github.com/jef/moltenhub-code/internal/hubui/broker.go:448.57,450.4 1 0
github.com/jef/moltenhub-code/internal/hubui/broker.go:451.3,455.39 5 1
github.com/jef/moltenhub-code/internal/hubui/broker.go:455.39,457.4 1 0
github.com/jef/moltenhub-code/internal/hubui/broker.go:460.2,460.54 1 1
github.com/jef/moltenhub-code/internal/hubui/broker.go:460.54,462.57 2 1
github.com/jef/moltenhub-code/internal/hubui/broker.go:462.57,464.4 1 1
github.com/jef/moltenhub-code/internal/hubui/broker.go:465.3,468.97 4 1
github.com/jef/moltenhub-code/internal/hubui/broker.go:471.2,471.56 1 1
github.com/jef/moltenhub-code/internal/hubui/broker.go:471.56,474.3 2 0
github.com/jef/moltenhub-code/internal/hubui/broker.go:476.2,476.58 1 1
github.com/jef/moltenhub-code/internal/hubui/broker.go:476.58,477.73 1 1
github.com/jef/moltenhub-code/internal/hubui/broker.go:477.73,482.21 5 1
github.com/jef/moltenhub-code/internal/hubui/broker.go:482.21,484.65 2 1
github.com/jef/moltenhub-code/internal/hubui/broker.go:484.65,486.6 1 1
github.com/jef/moltenhub-code/internal/hubui/broker.go:487.5,487.84 1 1
github.com/jef/moltenhub-code/internal/hubui/broker.go:487.84,489.6 1 1
github.com/jef/moltenhub-code/internal/hubui/broker.go:490.5,490.26 1 1
github.com/jef/moltenhub-code/internal/hubui/broker.go:490.26,492.6 1 0
github.com/jef/moltenhub-code/internal/hubui/broker.go:492.11,494.6 1 1
github.com/jef/moltenhub-code/internal/hubui/broker.go:499.2,499.53 1 1
github.com/jef/moltenhub-code/internal/hubui/broker.go:499.53,500.44 1 1
github.com/jef/moltenhub-code/internal/hubui/broker.go:500.44,502.4 1 1
github.com/jef/moltenhub-code/internal/hubui/broker.go:503.3,503.57 1 1
github.com/jef/moltenhub-code/internal/hubui/broker.go:503.57,505.55 2 1
github.com/jef/moltenhub-code/internal/hubui/broker.go:505.55,507.5 1 1
github.com/jef/moltenhub-code/internal/hubui/broker.go:509.3,510.97 2 1
github.com/jef/moltenhub-code/internal/hubui/broker.go:513.2,513.60 1 1
github.com/jef/moltenhub-code/internal/hubui/broker.go:513.60,515.17 2 1
github.com/jef/moltenhub-code/internal/hubui/broker.go:515.17,522.4 2 1
github.com/jef/moltenhub-code/internal/hubui/broker.go:525.2,525.42 1 1
github.com/jef/moltenhub-code/internal/hubui/broker.go:525.42,531.3 1 1
github.com/jef/moltenhub-code/internal/hubui/broker.go:534.66,536.2 1 1
github.com/jef/moltenhub-code/internal/hubui/broker.go:538.91,539.69 1 1
github.com/jef/moltenhub-code/internal/hubui/broker.go:539.69,541.60 2 1
github.com/jef/moltenhub-code/internal/hubui/broker.go:541.60,543.4 1 1
github.com/jef/moltenhub-code/internal/hubui/broker.go:545.2,545.102 1 1
github.com/jef/moltenhub-code/internal/hubui/broker.go:545.102,547.3 1 0
github.com/jef/moltenhub-code/internal/hubui/broker.go:549.2,549.9 1 1
github.com/jef/moltenhub-code/internal/hubui/broker.go:550.53,552.49 2 1
github.com/jef/moltenhub-code/internal/hubui/broker.go:552.49,554.4 1 0
github.com/jef/moltenhub-code/internal/hubui/broker.go:555.58,557.34 2 1
github.com/jef/moltenhub-code/internal/hubui/broker.go:558.67,561.44 2 1
github.com/jef/moltenhub-code/internal/hubui/broker.go:562.65,564.34 2 0
github.com/jef/moltenhub-code/internal/hubui/broker.go:565.50,566.63 1 1
github.com/jef/moltenhub-code/internal/hubui/broker.go:567.36,569.50 2 0
github.com/jef/moltenhub-code/internal/hubui/broker.go:569.50,571.5 1 0
github.com/jef/moltenhub-code/internal/hubui/broker.go:572.43,574.45 2 0
github.com/jef/moltenhub-code/internal/hubui/broker.go:580.55,582.44 2 1
github.com/jef/moltenhub-code/internal/hubui/broker.go:586.108,587.57 1 1
github.com/jef/moltenhub-code/internal/hubui/broker.go:587.57,589.3 1 1
github.com/jef/moltenhub-code/internal/hubui/broker.go:591.2,594.33 4 1
github.com/jef/moltenhub-code/internal/hubui/broker.go:594.33,596.3 1 0
github.com/jef/moltenhub-code/internal/hubui/broker.go:598.2,598.11 1 1
github.com/jef/moltenhub-code/internal/hubui/broker.go:598.11,600.3 1 1
github.com/jef/moltenhub-code/internal/hubui/broker.go:601.2,601.11 1 1
github.com/jef/moltenhub-code/internal/hubui/broker.go:601.11,603.3 1 1
github.com/jef/moltenhub-code/internal/hubui/broker.go:604.2,604.12 1 1
github.com/jef/moltenhub-code/internal/hubui/broker.go:604.12,606.3 1 1
github.com/jef/moltenhub-code/internal/hubui/broker.go:607.2,607.60 1 1
github.com/jef/moltenhub-code/internal/hubui/broker.go:610.44,611.25 1 1
github.com/jef/moltenhub-code/internal/hubui/broker.go:611.25,612.10 1 1
github.com/jef/moltenhub-code/internal/hubui/broker.go:613.25,613.25 0 1
github.com/jef/moltenhub-code/internal/hubui/broker.go:614.11,614.11 0 0
github.com/jef/moltenhub-code/internal/hubui/broker.go:619.44,620.9 1 1
github.com/jef/moltenhub-code/internal/hubui/broker.go:621.51,622.27 1 1
github.com/jef/moltenhub-code/internal/hubui/broker.go:623.39,624.26 1 1
github.com/jef/moltenhub-code/internal/hubui/broker.go:625.39,626.15 1 1
github.com/jef/moltenhub-code/internal/hubui/broker.go:627.10,628.15 1 1
github.com/jef/moltenhub-code/internal/hubui/broker.go:632.51,633.34 1 1
github.com/jef/moltenhub-code/internal/hubui/broker.go:633.34,635.3 1 0
github.com/jef/moltenhub-code/internal/hubui/broker.go:636.2,637.45 2 1
github.com/jef/moltenhub-code/internal/hubui/broker.go:637.45,639.10 2 1
github.com/jef/moltenhub-code/internal/hubui/broker.go:639.10,640.12 1 1
github.com/jef/moltenhub-code/internal/hubui/broker.go:642.3,642.33 1 1
github.com/jef/moltenhub-code/internal/hubui/broker.go:644.2,644.19 1 1
github.com/jef/moltenhub-code/internal/hubui/broker.go:644.19,646.3 1 0
github.com/jef/moltenhub-code/internal/hubui/broker.go:647.2,647.12 1 1
github.com/jef/moltenhub-code/internal/hubui/broker.go:650.70,651.14 1 1
github.com/jef/moltenhub-code/internal/hubui/broker.go:651.14,653.3 1 0
github.com/jef/moltenhub-code/internal/hubui/broker.go:654.2,654.23 1 1
github.com/jef/moltenhub-code/internal/hubui/broker.go:654.23,656.3 1 1
github.com/jef/moltenhub-code/internal/hubui/broker.go:657.2,659.15 3 1
github.com/jef/moltenhub-code/internal/hubui/broker.go:662.76,663.14 1 1
github.com/jef/moltenhub-code/internal/hubui/broker.go:663.14,665.3 1 0
github.com/jef/moltenhub-code/internal/hubui/broker.go:666.2,666.21 1 1
github.com/jef/moltenhub-code/internal/hubui/broker.go:666.21,668.3 1 1
github.com/jef/moltenhub-code/internal/hubui/broker.go:669.2,671.13 3 1
github.com/jef/moltenhub-code/internal/hubui/broker.go:674.47,677.13 3 1
github.com/jef/moltenhub-code/internal/hubui/broker.go:677.13,679.3 1 1
github.com/jef/moltenhub-code/internal/hubui/broker.go:681.2,682.16 2 1
github.com/jef/moltenhub-code/internal/hubui/broker.go:682.16,684.3 1 0
github.com/jef/moltenhub-code/internal/hubui/broker.go:686.2,686.35 1 1
github.com/jef/moltenhub-code/internal/hubui/broker.go:686.35,687.46 1 1
github.com/jef/moltenhub-code/internal/hubui/broker.go:687.46,689.18 2 1
github.com/jef/moltenhub-code/internal/hubui/broker.go:689.18,691.5 1 1
github.com/jef/moltenhub-code/internal/hubui/broker.go:692.4,692.55 1 0
github.com/jef/moltenhub-code/internal/hubui/broker.go:694.3,694.53 1 0
github.com/jef/moltenhub-code/internal/hubui/broker.go:697.2,698.13 2 0
github.com/jef/moltenhub-code/internal/hubui/broker.go:698.13,700.3 1 0
github.com/jef/moltenhub-code/internal/hubui/broker.go:701.2,701.38 1 0
github.com/jef/moltenhub-code/internal/hubui/broker.go:704.51,705.36 1 1
github.com/jef/moltenhub-code/internal/hubui/broker.go:705.36,707.3 1 0
github.com/jef/moltenhub-code/internal/hubui/broker.go:709.2,709.33 1 1
github.com/jef/moltenhub-code/internal/hubui/broker.go:709.33,710.21 1 1
github.com/jef/moltenhub-code/internal/hubui/broker.go:710.21,711.12 1 1
github.com/jef/moltenhub-code/internal/hubui/broker.go:714.3,715.50 2 1
github.com/jef/moltenhub-code/internal/hubui/broker.go:715.50,717.4 1 1
github.com/jef/moltenhub-code/internal/hubui/broker.go:718.3,718.25 1 1
github.com/jef/moltenhub-code/internal/hubui/broker.go:718.25,720.4 1 1
github.com/jef/moltenhub-code/internal/hubui/broker.go:723.2,723.18 1 0
github.com/jef/moltenhub-code/internal/hubui/broker.go:726.42,727.32 1 1
github.com/jef/moltenhub-code/internal/hubui/broker.go:727.32,729.3 1 1
github.com/jef/moltenhub-code/internal/hubui/broker.go:730.2,731.16 2 1
github.com/jef/moltenhub-code/internal/hubui/broker.go:731.16,733.3 1 0
github.com/jef/moltenhub-code/internal/hubui/broker.go:734.2,734.16 1 1
github.com/jef/moltenhub-code/internal/hubui/broker.go:737.48,738.32 1 1
github.com/jef/moltenhub-code/internal/hubui/broker.go:738.32,740.3 1 0
github.com/jef/moltenhub-code/internal/hubui/broker.go:741.2,742.16 2 1
github.com/jef/moltenhub-code/internal/hubui/broker.go:742.16,744.3 1 0
github.com/jef/moltenhub-code/internal/hubui/broker.go:745.2,745.16 1 1
github.com/jef/moltenhub-code/internal/hubui/broker.go:748.50,750.19 2 1
github.com/jef/moltenhub-code/internal/hubui/broker.go:750.19,752.3 1 0
github.com/jef/moltenhub-code/internal/hubui/broker.go:753.2,754.16 2 1
github.com/jef/moltenhub-code/internal/hubui/broker.go:754.16,756.3 1 0
github.com/jef/moltenhub-code/internal/hubui/broker.go:757.2,757.40 1 1
github.com/jef/moltenhub-code/internal/hubui/broker.go:760.45,761.27 1 1
github.com/jef/moltenhub-code/internal/hubui/broker.go:761.27,762.53 1 1
github.com/jef/moltenhub-code/internal/hubui/broker.go:762.53,764.4 1 1
github.com/jef/moltenhub-code/internal/hubui/broker.go:766.2,766.11 1 1
github.com/jef/moltenhub-code/internal/hubui/broker.go:769.57,773.19 4 1
github.com/jef/moltenhub-code/internal/hubui/broker.go:773.19,775.3 1 1
github.com/jef/moltenhub-code/internal/hubui/broker.go:776.2,777.45 2 1
github.com/jef/moltenhub-code/internal/hubui/broker.go:780.57,781.36 1 1
github.com/jef/moltenhub-code/internal/hubui/broker.go:781.36,783.3 1 1
github.com/jef/moltenhub-code/internal/hubui/broker.go:784.2,786.29 3 1
github.com/jef/moltenhub-code/internal/hubui/broker.go:786.29,787.56 1 1
github.com/jef/moltenhub-code/internal/hubui/broker.go:787.56,789.4 1 1
github.com/jef/moltenhub-code/internal/hubui/broker.go:791.2,791.12 1 1
github.com/jef/moltenhub-code/internal/hubui/broker.go:794.68,798.30 3 1
github.com/jef/moltenhub-code/internal/hubui/broker.go:798.30,800.20 2 0
github.com/jef/moltenhub-code/internal/hubui/broker.go:800.20,801.12 1 0
github.com/jef/moltenhub-code/internal/hubui/broker.go:803.3,803.33 1 0
github.com/jef/moltenhub-code/internal/hubui/broker.go:803.33,804.12 1 0
github.com/jef/moltenhub-code/internal/hubui/broker.go:806.3,807.29 2 0
github.com/jef/moltenhub-code/internal/hubui/broker.go:810.2,810.31 1 1
github.com/jef/moltenhub-code/internal/hubui/broker.go:810.31,812.20 2 1
github.com/jef/moltenhub-code/internal/hubui/broker.go:812.20,813.12 1 0
github.com/jef/moltenhub-code/internal/hubui/broker.go:815.3,815.33 1 1
github.com/jef/moltenhub-code/internal/hubui/broker.go:815.33,816.12 1 1
github.com/jef/moltenhub-code/internal/hubui/broker.go:818.3,819.29 2 1
github.com/jef/moltenhub-code/internal/hubui/broker.go:822.2,822.12 1 1
github.com/jef/moltenhub-code/internal/hubui/broker.go:825.59,826.29 1 1
github.com/jef/moltenhub-code/internal/hubui/broker.go:826.29,828.3 1 1
github.com/jef/moltenhub-code/internal/hubui/broker.go:829.2,832.60 2 1
github.com/jef/moltenhub-code/internal/hubui/broker.go:832.60,834.3 1 1
github.com/jef/moltenhub-code/internal/hubui/broker.go:835.2,835.38 1 1
github.com/jef/moltenhub-code/internal/hubui/broker.go:838.59,839.29 1 1
github.com/jef/moltenhub-code/internal/hubui/broker.go:839.29,841.3 1 1
github.com/jef/moltenhub-code/internal/hubui/broker.go:842.2,846.60 2 1
github.com/jef/moltenhub-code/internal/hubui/broker.go:846.60,848.3 1 1
github.com/jef/moltenhub-code/internal/hubui/broker.go:849.2,849.50 1 1
github.com/jef/moltenhub-code/internal/hubui/broker.go:852.48,853.35 1 1
github.com/jef/moltenhub-code/internal/hubui/broker.go:854.70,855.14 1 1
github.com/jef/moltenhub-code/internal/hubui/broker.go:856.10,857.15 1 1
github.com/jef/moltenhub-code/internal/hubui/server.go:65.52,69.32 1 1
github.com/jef/moltenhub-code/internal/hubui/server.go:69.33,69.34 0 1
github.com/jef/moltenhub-code/internal/hubui/server.go:70.59,72.18 2 1
github.com/jef/moltenhub-code/internal/hubui/server.go:72.18,74.5 1 0
github.com/jef/moltenhub-code/internal/hubui/server.go:75.4,75.35 1 1
github.com/jef/moltenhub-code/internal/hubui/server.go:81.48,82.37 1 1
github.com/jef/moltenhub-code/internal/hubui/server.go:82.37,84.3 1 1
github.com/jef/moltenhub-code/internal/hubui/server.go:85.2,85.21 1 1
github.com/jef/moltenhub-code/internal/hubui/server.go:85.21,87.3 1 1
github.com/jef/moltenhub-code/internal/hubui/server.go:88.2,88.19 1 1
github.com/jef/moltenhub-code/internal/hubui/server.go:88.19,89.33 1 0
github.com/jef/moltenhub-code/internal/hubui/server.go:89.34,89.35 0 0
github.com/jef/moltenhub-code/internal/hubui/server.go:92.2,98.12 2 1
github.com/jef/moltenhub-code/internal/hubui/server.go:98.12,103.3 4 1
github.com/jef/moltenhub-code/internal/hubui/server.go:105.2,107.56 3 1
github.com/jef/moltenhub-code/internal/hubui/server.go:107.56,110.3 2 1
github.com/jef/moltenhub-code/internal/hubui/server.go:111.2,111.12 1 0
github.com/jef/moltenhub-code/internal/hubui/server.go:115.40,118.16 3 1
github.com/jef/moltenhub-code/internal/hubui/server.go:118.16,120.3 1 0
github.com/jef/moltenhub-code/internal/hubui/server.go:120.8,123.3 2 1
github.com/jef/moltenhub-code/internal/hubui/server.go:124.2,135.22 12 1
github.com/jef/moltenhub-code/internal/hubui/server.go:138.45,145.2 1 1
github.com/jef/moltenhub-code/internal/hubui/server.go:147.69,148.23 1 1
github.com/jef/moltenhub-code/internal/hubui/server.go:148.23,151.3 2 0
github.com/jef/moltenhub-code/internal/hubui/server.go:153.2,154.16 2 1
github.com/jef/moltenhub-code/internal/hubui/server.go:154.16,157.3 2 0
github.com/jef/moltenhub-code/internal/hubui/server.go:158.2,162.22 4 1
github.com/jef/moltenhub-code/internal/hubui/server.go:165.55,176.16 3 1
github.com/jef/moltenhub-code/internal/hubui/server.go:176.16,179.3 2 0
github.com/jef/moltenhub-code/internal/hubui/server.go:181.2,186.3 1 1
github.com/jef/moltenhub-code/internal/hubui/server.go:189.69,190.21 1 1
github.com/jef/moltenhub-code/internal/hubui/server.go:190.21,193.3 2 0
github.com/jef/moltenhub-code/internal/hubui/server.go:194.2,194.50 1 1
github.com/jef/moltenhub-code/internal/hubui/server.go:197.71,198.32 1 1
github.com/jef/moltenhub-code/internal/hubui/server.go:198.32,202.3 3 1
github.com/jef/moltenhub-code/internal/hubui/server.go:204.2,204.31 1 1
github.com/jef/moltenhub-code/internal/hubui/server.go:204.31,210.3 2 1
github.com/jef/moltenhub-code/internal/hubui/server.go:212.2,213.16 2 1
github.com/jef/moltenhub-code/internal/hubui/server.go:213.16,219.3 2 1
github.com/jef/moltenhub-code/internal/hubui/server.go:221.2,224.4 1 1
github.com/jef/moltenhub-code/internal/hubui/server.go:227.70,228.21 1 1
github.com/jef/moltenhub-code/internal/hubui/server.go:228.21,231.3 2 0
github.com/jef/moltenhub-code/internal/hubui/server.go:233.2,234.9 2 1
github.com/jef/moltenhub-code/internal/hubui/server.go:234.9,237.3 2 0
github.com/jef/moltenhub-code/internal/hubui/server.go:239.2,250.34 10 1
github.com/jef/moltenhub-code/internal/hubui/server.go:250.34,252.17 2 1
github.com/jef/moltenhub-code/internal/hubui/server.go:252.17,255.4 2 0
github.com/jef/moltenhub-code/internal/hubui/server.go:256.3,256.68 1 1
github.com/jef/moltenhub-code/internal/hubui/server.go:256.68,258.4 1 0
github.com/jef/moltenhub-code/internal/hubui/server.go:259.3,261.14 3 1
github.com/jef/moltenhub-code/internal/hubui/server.go:263.2,263.30 1 1
github.com/jef/moltenhub-code/internal/hubui/server.go:263.30,264.27 1 1
github.com/jef/moltenhub-code/internal/hubui/server.go:264.27,266.4 1 1
github.com/jef/moltenhub-code/internal/hubui/server.go:267.3,267.28 1 0
github.com/jef/moltenhub-code/internal/hubui/server.go:267.28,268.11 1 0
github.com/jef/moltenhub-code/internal/hubui/server.go:269.27,269.27 0 0
github.com/jef/moltenhub-code/internal/hubui/server.go:270.12,270.12 0 0
github.com/jef/moltenhub-code/internal/hubui/server.go:273.3,274.24 2 0
github.com/jef/moltenhub-code/internal/hubui/server.go:276.2,276.29 1 1
github.com/jef/moltenhub-code/internal/hubui/server.go:276.29,277.27 1 0
github.com/jef/moltenhub-code/internal/hubui/server.go:277.27,279.4 1 0
github.com/jef/moltenhub-code/internal/hubui/server.go:280.3,281.15 2 0
github.com/jef/moltenhub-code/internal/hubui/server.go:281.15,283.4 1 0
github.com/jef/moltenhub-code/internal/hubui/server.go:284.3,285.36 2 0
github.com/jef/moltenhub-code/internal/hubui/server.go:287.2,289.25 2 1
github.com/jef/moltenhub-code/internal/hubui/server.go:289.25,291.3 1 0
github.com/jef/moltenhub-code/internal/hubui/server.go:293.2,296.6 3 1
github.com/jef/moltenhub-code/internal/hubui/server.go:296.6,297.10 1 1
github.com/jef/moltenhub-code/internal/hubui/server.go:298.29,299.10 1 1
github.com/jef/moltenhub-code/internal/hubui/server.go:300.18,301.60 1 0
github.com/jef/moltenhub-code/internal/hubui/server.go:301.60,303.28 2 0
github.com/jef/moltenhub-code/internal/hubui/server.go:303.28,305.6 1 0
github.com/jef/moltenhub-code/internal/hubui/server.go:306.5,306.13 1 0
github.com/jef/moltenhub-code/internal/hubui/server.go:308.4,308.22 1 0
github.com/jef/moltenhub-code/internal/hubui/server.go:309.26,311.27 2 0
github.com/jef/moltenhub-code/internal/hubui/server.go:311.27,313.5 1 0
github.com/jef/moltenhub-code/internal/hubui/server.go:314.22,315.64 1 0
github.com/jef/moltenhub-code/internal/hubui/server.go:315.64,317.5 1 0
github.com/jef/moltenhub-code/internal/hubui/server.go:318.4,318.19 1 0
github.com/jef/moltenhub-code/internal/hubui/server.go:323.70,325.2 1 1
github.com/jef/moltenhub-code/internal/hubui/server.go:327.79,328.32 1 1
github.com/jef/moltenhub-code/internal/hubui/server.go:328.32,332.3 3 1
github.com/jef/moltenhub-code/internal/hubui/server.go:333.2,334.16 2 1
github.com/jef/moltenhub-code/internal/hubui/server.go:334.16,341.3 2 0
github.com/jef/moltenhub-code/internal/hubui/server.go:342.2,345.4 1 1
github.com/jef/moltenhub-code/internal/hubui/server.go:348.78,349.33 1 1
github.com/jef/moltenhub-code/internal/hubui/server.go:349.33,353.3 3 0
github.com/jef/moltenhub-code/internal/hubui/server.go:354.2,354.29 1 1
github.com/jef/moltenhub-code/internal/hubui/server.go:354.29,361.3 2 1
github.com/jef/moltenhub-code/internal/hubui/server.go:362.2,363.16 2 1
github.com/jef/moltenhub-code/internal/hubui/server.go:363.16,370.3 2 0
github.com/jef/moltenhub-code/internal/hubui/server.go:371.2,374.4 1 1
github.com/jef/moltenhub-code/internal/hubui/server.go:377.79,378.33 1 1
github.com/jef/moltenhub-code/internal/hubui/server.go:378.33,382.3 3 0
github.com/jef/moltenhub-code/internal/hubui/server.go:383.2,383.30 1 1
github.com/jef/moltenhub-code/internal/hubui/server.go:383.30,390.3 2 1
github.com/jef/moltenhub-code/internal/hubui/server.go:391.2,392.16 2 1
github.com/jef/moltenhub-code/internal/hubui/server.go:392.16,399.3 2 0
github.com/jef/moltenhub-code/internal/hubui/server.go:400.2,403.4 1 1
github.com/jef/moltenhub-code/internal/hubui/server.go:418.82,419.33 1 1
github.com/jef/moltenhub-code/internal/hubui/server.go:419.33,423.3 3 0
github.com/jef/moltenhub-code/internal/hubui/server.go:424.2,424.33 1 1
github.com/jef/moltenhub-code/internal/hubui/server.go:424.33,431.3 2 1
github.com/jef/moltenhub-code/internal/hubui/server.go:433.2,434.16 2 1
github.com/jef/moltenhub-code/internal/hubui/server.go:434.16,441.3 2 0
github.com/jef/moltenhub-code/internal/hubui/server.go:443.2,444.51 2 1
github.com/jef/moltenhub-code/internal/hubui/server.go:444.51,451.3 2 0
github.com/jef/moltenhub-code/internal/hubui/server.go:453.2,464.23 2 1
github.com/jef/moltenhub-code/internal/hubui/server.go:464.23,471.3 2 0
github.com/jef/moltenhub-code/internal/hubui/server.go:473.2,474.16 2 1
github.com/jef/moltenhub-code/internal/hubui/server.go:474.16,481.3 2 0
github.com/jef/moltenhub-code/internal/hubui/server.go:482.2,485.4 1 1
github.com/jef/moltenhub-code/internal/hubui/server.go:488.84,489.30 1 1
github.com/jef/moltenhub-code/internal/hubui/server.go:489.30,491.3 1 1
github.com/jef/moltenhub-code/internal/hubui/server.go:492.2,493.42 2 1
github.com/jef/moltenhub-code/internal/hubui/server.go:493.42,494.18 1 0
github.com/jef/moltenhub-code/internal/hubui/server.go:494.18,496.4 1 0
github.com/jef/moltenhub-code/internal/hubui/server.go:496.9,498.4 1 0
github.com/jef/moltenhub-code/internal/hubui/server.go:500.2,500.19 1 1
github.com/jef/moltenhub-code/internal/hubui/server.go:503.75,504.33 1 1
github.com/jef/moltenhub-code/internal/hubui/server.go:504.33,508.3 3 1
github.com/jef/moltenhub-code/internal/hubui/server.go:510.2,510.32 1 1
github.com/jef/moltenhub-code/internal/hubui/server.go:510.32,516.3 2 1
github.com/jef/moltenhub-code/internal/hubui/server.go:518.2,519.16 2 1
github.com/jef/moltenhub-code/internal/hubui/server.go:519.16,525.3 2 0
github.com/jef/moltenhub-code/internal/hubui/server.go:527.2,528.16 2 1
github.com/jef/moltenhub-code/internal/hubui/server.go:528.16,529.84 1 1
github.com/jef/moltenhub-code/internal/hubui/server.go:529.84,538.4 2 1
github.com/jef/moltenhub-code/internal/hubui/server.go:539.3,543.9 2 0
github.com/jef/moltenhub-code/internal/hubui/server.go:546.2,549.4 1 1
github.com/jef/moltenhub-code/internal/hubui/server.go:552.74,554.38 2 1
github.com/jef/moltenhub-code/internal/hubui/server.go:554.38,557.3 2 0
github.com/jef/moltenhub-code/internal/hubui/server.go:558.2,559.9 2 1
github.com/jef/moltenhub-code/internal/hubui/server.go:560.41,561.19 1 1
github.com/jef/moltenhub-code/internal/hubui/server.go:562.41,563.19 1 1
github.com/jef/moltenhub-code/internal/hubui/server.go:564.41,565.19 1 1
github.com/jef/moltenhub-code/internal/hubui/server.go:566.39,567.17 1 1
github.com/jef/moltenhub-code/internal/hubui/server.go:568.40,569.18 1 1
github.com/jef/moltenhub-code/internal/hubui/server.go:570.10,572.9 2 0
github.com/jef/moltenhub-code/internal/hubui/server.go:575.2,578.16 4 1
github.com/jef/moltenhub-code/internal/hubui/server.go:578.16,584.3 2 0
github.com/jef/moltenhub-code/internal/hubui/server.go:585.2,586.19 2 1
github.com/jef/moltenhub-code/internal/hubui/server.go:586.19,592.3 2 0
github.com/jef/moltenhub-code/internal/hubui/server.go:594.2,594.16 1 1
github.com/jef/moltenhub-code/internal/hubui/server.go:595.15,596.35 1 1
github.com/jef/moltenhub-code/internal/hubui/server.go:597.15,598.35 1 1
github.com/jef/moltenhub-code/internal/hubui/server.go:599.15,600.69 1 1
github.com/jef/moltenhub-code/internal/hubui/server.go:601.13,602.66 1 1
github.com/jef/moltenhub-code/internal/hubui/server.go:603.14,604.68 1 1
github.com/jef/moltenhub-code/internal/hubui/server.go:605.10,606.22 1 0
github.com/jef/moltenhub-code/internal/hubui/server.go:617.3,618.33 1 1
github.com/jef/moltenhub-code/internal/hubui/server.go:618.33,622.3 3 1
github.com/jef/moltenhub-code/internal/hubui/server.go:623.2,623.20 1 1
github.com/jef/moltenhub-code/internal/hubui/server.go:623.20,629.3 2 0
github.com/jef/moltenhub-code/internal/hubui/server.go:630.2,630.56 1 1
github.com/jef/moltenhub-code/internal/hubui/server.go:630.56,631.10 1 1
github.com/jef/moltenhub-code/internal/hubui/server.go:632.40,636.6 1 1
github.com/jef/moltenhub-code/internal/hubui/server.go:637.11,641.6 1 0
github.com/jef/moltenhub-code/internal/hubui/server.go:643.3,643.9 1 1
github.com/jef/moltenhub-code/internal/hubui/server.go:645.2,650.4 1 1
github.com/jef/moltenhub-code/internal/hubui/server.go:653.91,654.33 1 1
github.com/jef/moltenhub-code/internal/hubui/server.go:654.33,658.3 3 1
github.com/jef/moltenhub-code/internal/hubui/server.go:659.2,659.21 1 1
github.com/jef/moltenhub-code/internal/hubui/server.go:659.21,662.3 2 0
github.com/jef/moltenhub-code/internal/hubui/server.go:663.2,663.60 1 1
github.com/jef/moltenhub-code/internal/hubui/server.go:663.60,669.3 2 1
github.com/jef/moltenhub-code/internal/hubui/server.go:671.2,672.9 2 1
github.com/jef/moltenhub-code/internal/hubui/server.go:672.9,678.3 2 1
github.com/jef/moltenhub-code/internal/hubui/server.go:680.2,682.67 2 1
github.com/jef/moltenhub-code/internal/hubui/server.go:682.67,684.3 1 1
github.com/jef/moltenhub-code/internal/hubui/server.go:685.2,685.30 1 1
github.com/jef/moltenhub-code/internal/hubui/server.go:685.30,686.67 1 1
github.com/jef/moltenhub-code/internal/hubui/server.go:686.67,688.4 1 1
github.com/jef/moltenhub-code/internal/hubui/server.go:691.2,692.16 2 1
github.com/jef/moltenhub-code/internal/hubui/server.go:692.16,693.84 1 1
github.com/jef/moltenhub-code/internal/hubui/server.go:693.84,703.4 2 1
github.com/jef/moltenhub-code/internal/hubui/server.go:704.3,708.9 2 0
github.com/jef/moltenhub-code/internal/hubui/server.go:711.2,716.4 1 1
github.com/jef/moltenhub-code/internal/hubui/server.go:719.91,720.33 1 1
github.com/jef/moltenhub-code/internal/hubui/server.go:720.33,724.3 3 1
github.com/jef/moltenhub-code/internal/hubui/server.go:725.2,725.21 1 1
github.com/jef/moltenhub-code/internal/hubui/server.go:725.21,728.3 2 0
github.com/jef/moltenhub-code/internal/hubui/server.go:730.2,730.54 1 1
github.com/jef/moltenhub-code/internal/hubui/server.go:730.54,731.10 1 1
github.com/jef/moltenhub-code/internal/hubui/server.go:732.40,736.6 1 1
github.com/jef/moltenhub-code/internal/hubui/server.go:737.44,741.6 1 1
github.com/jef/moltenhub-code/internal/hubui/server.go:742.11,746.6 1 0
github.com/jef/moltenhub-code/internal/hubui/server.go:748.3,748.9 1 1
github.com/jef/moltenhub-code/internal/hubui/server.go:751.2,751.24 1 1
github.com/jef/moltenhub-code/internal/hubui/server.go:751.24,752.61 1 1
github.com/jef/moltenhub-code/internal/hubui/server.go:752.61,754.4 1 0
github.com/jef/moltenhub-code/internal/hubui/server.go:757.2,761.4 1 1
github.com/jef/moltenhub-code/internal/hubui/server.go:764.64,766.16 2 1
github.com/jef/moltenhub-code/internal/hubui/server.go:766.16,769.3 2 1
github.com/jef/moltenhub-code/internal/hubui/server.go:771.2,773.22 3 1
github.com/jef/moltenhub-code/internal/hubui/server.go:776.56,778.32 2 1
github.com/jef/moltenhub-code/internal/hubui/server.go:778.32,780.37 2 1
github.com/jef/moltenhub-code/internal/hubui/server.go:780.37,781.12 1 1
github.com/jef/moltenhub-code/internal/hubui/server.go:783.3,783.62 1 1
github.com/jef/moltenhub-code/internal/hubui/server.go:785.2,785.17 1 1
github.com/jef/moltenhub-code/internal/hubui/server.go:788.76,789.17 1 1
github.com/jef/moltenhub-code/internal/hubui/server.go:789.17,790.68 1 0
github.com/jef/moltenhub-code/internal/hubui/server.go:790.69,790.70 0 0
github.com/jef/moltenhub-code/internal/hubui/server.go:792.2,793.71 2 1
github.com/jef/moltenhub-code/internal/hubui/server.go:793.71,794.88 1 1
github.com/jef/moltenhub-code/internal/hubui/server.go:794.88,796.4 1 1
github.com/jef/moltenhub-code/internal/hubui/server.go:797.3,797.23 1 1
github.com/jef/moltenhub-code/internal/hubui/server.go:801.47,802.17 1 1
github.com/jef/moltenhub-code/internal/hubui/server.go:802.17,803.68 1 0
github.com/jef/moltenhub-code/internal/hubui/server.go:803.69,803.70 0 0
github.com/jef/moltenhub-code/internal/hubui/server.go:805.2,805.71 1 1
github.com/jef/moltenhub-code/internal/hubui/server.go:805.71,806.110 1 1
github.com/jef/moltenhub-code/internal/hubui/server.go:806.110,809.4 2 1
github.com/jef/moltenhub-code/internal/hubui/server.go:810.3,811.16 2 1
github.com/jef/moltenhub-code/internal/hubui/server.go:811.16,813.4 1 1
github.com/jef/moltenhub-code/internal/hubui/server.go:814.3,814.72 1 1
github.com/jef/moltenhub-code/internal/hubui/server.go:818.45,819.14 1 1
github.com/jef/moltenhub-code/internal/hubui/server.go:819.14,821.3 1 0
github.com/jef/moltenhub-code/internal/hubui/server.go:822.2,822.83 1 1
github.com/jef/moltenhub-code/internal/hubui/server.go:825.43,827.16 2 1
github.com/jef/moltenhub-code/internal/hubui/server.go:827.16,829.3 1 0
github.com/jef/moltenhub-code/internal/hubui/server.go:830.2,830.53 1 1
github.com/jef/moltenhub-code/internal/hubui/server.go:830.53,832.3 1 1
github.com/jef/moltenhub-code/internal/hubui/server.go:833.2,837.35 1 1
github.com/jef/moltenhub-code/internal/hubui/server.go:846.58,847.19 1 1
github.com/jef/moltenhub-code/internal/hubui/server.go:847.19,849.3 1 0
github.com/jef/moltenhub-code/internal/hubui/server.go:850.2,852.62 3 1
github.com/jef/moltenhub-code/internal/hubui/server.go:852.62,854.3 1 1
github.com/jef/moltenhub-code/internal/hubui/server.go:855.2,857.42 3 1
github.com/jef/moltenhub-code/internal/hubui/server.go:860.65,861.20 1 1
github.com/jef/moltenhub-code/internal/hubui/server.go:861.20,863.3 1 1
github.com/jef/moltenhub-code/internal/hubui/server.go:864.2,864.32 1 1
github.com/jef/moltenhub-code/internal/hubui/server.go:867.38,868.21 1 0
github.com/jef/moltenhub-code/internal/hubui/server.go:868.21,870.3 1 0
github.com/jef/moltenhub-code/internal/hubui/server.go:871.2,871.56 1 0
github.com/jef/moltenhub-code/internal/hubui/server.go:871.56,873.3 1 0
github.com/jef/moltenhub-code/internal/hubui/server.go:876.54,878.17 2 1
github.com/jef/moltenhub-code/internal/hubui/server.go:878.17,880.3 1 0
github.com/jef/moltenhub-code/internal/hubui/server.go:881.2,882.35 2 1
github.com/jef/moltenhub-code/internal/hubui/server.go:882.35,883.53 1 0
github.com/jef/moltenhub-code/internal/hubui/server.go:883.53,884.58 1 0
github.com/jef/moltenhub-code/internal/hubui/server.go:884.58,886.5 1 0
github.com/jef/moltenhub-code/internal/hubui/server.go:889.2,889.27 1 1
github.com/jef/moltenhub-code/internal/hubui/server.go:892.50,893.19 1 1
github.com/jef/moltenhub-code/internal/hubui/server.go:893.19,895.3 1 0
github.com/jef/moltenhub-code/internal/hubui/server.go:896.2,896.25 1 1
github.com/jef/moltenhub-code/internal/hubui/server.go:905.86,906.16 1 1
github.com/jef/moltenhub-code/internal/hubui/server.go:906.16,908.3 1 1
github.com/jef/moltenhub-code/internal/hubui/server.go:909.2,910.36 2 1
github.com/jef/moltenhub-code/internal/hubui/server.go:910.36,912.3 1 1
github.com/jef/moltenhub-code/internal/hubui/server.go:913.2,913.117 1 1
github.com/jef/moltenhub-code/internal/hubui/server.go:916.45,917.49 1 1
github.com/jef/moltenhub-code/internal/hubui/server.go:918.42,919.14 1 1
github.com/jef/moltenhub-code/internal/hubui/server.go:920.10,921.15 1 1
github.com/jef/moltenhub-code/internal/hubui/server.go:925.51,926.31 1 1
github.com/jef/moltenhub-code/internal/hubui/server.go:926.31,928.18 2 1
github.com/jef/moltenhub-code/internal/hubui/server.go:928.18,930.4 1 1
github.com/jef/moltenhub-code/internal/hubui/server.go:932.2,932.11 1 0
