mode: set
github.com/jef/moltenhub-code/internal/failurefollowup/prompt.go:35.48,37.16 2 1
github.com/jef/moltenhub-code/internal/failurefollowup/prompt.go:37.16,39.3 1 1
github.com/jef/moltenhub-code/internal/failurefollowup/prompt.go:40.2,40.42 1 1
github.com/jef/moltenhub-code/internal/failurefollowup/prompt.go:43.124,48.43 4 1
github.com/jef/moltenhub-code/internal/failurefollowup/prompt.go:48.43,50.30 2 1
github.com/jef/moltenhub-code/internal/failurefollowup/prompt.go:50.30,52.18 2 1
github.com/jef/moltenhub-code/internal/failurefollowup/prompt.go:52.18,53.13 1 1
github.com/jef/moltenhub-code/internal/failurefollowup/prompt.go:55.4,57.16 3 1
github.com/jef/moltenhub-code/internal/failurefollowup/prompt.go:59.3,59.15 1 1
github.com/jef/moltenhub-code/internal/failurefollowup/prompt.go:62.2,62.105 1 1
github.com/jef/moltenhub-code/internal/failurefollowup/prompt.go:62.105,65.3 2 1
github.com/jef/moltenhub-code/internal/failurefollowup/prompt.go:67.2,68.24 2 1
github.com/jef/moltenhub-code/internal/failurefollowup/prompt.go:68.24,71.3 2 1
github.com/jef/moltenhub-code/internal/failurefollowup/prompt.go:73.2,73.42 1 1
github.com/jef/moltenhub-code/internal/failurefollowup/prompt.go:76.55,78.9 2 1
github.com/jef/moltenhub-code/internal/failurefollowup/prompt.go:78.9,80.3 1 1
github.com/jef/moltenhub-code/internal/failurefollowup/prompt.go:81.2,85.3 1 1
github.com/jef/moltenhub-code/internal/failurefollowup/prompt.go:88.59,91.38 3 1
github.com/jef/moltenhub-code/internal/failurefollowup/prompt.go:91.38,93.3 1 1
github.com/jef/moltenhub-code/internal/failurefollowup/prompt.go:95.2,96.9 2 1
github.com/jef/moltenhub-code/internal/failurefollowup/prompt.go:96.9,98.3 1 0
github.com/jef/moltenhub-code/internal/failurefollowup/prompt.go:99.2,100.53 2 1
github.com/jef/moltenhub-code/internal/failurefollowup/prompt.go:100.53,102.3 1 0
github.com/jef/moltenhub-code/internal/failurefollowup/prompt.go:103.2,103.90 1 1
github.com/jef/moltenhub-code/internal/failurefollowup/prompt.go:103.90,105.3 1 0
github.com/jef/moltenhub-code/internal/failurefollowup/prompt.go:106.2,106.45 1 1
github.com/jef/moltenhub-code/internal/failurefollowup/prompt.go:109.49,111.14 2 1
github.com/jef/moltenhub-code/internal/failurefollowup/prompt.go:111.14,113.3 1 0
github.com/jef/moltenhub-code/internal/failurefollowup/prompt.go:115.2,117.35 3 1
github.com/jef/moltenhub-code/internal/failurefollowup/prompt.go:117.35,119.17 2 1
github.com/jef/moltenhub-code/internal/failurefollowup/prompt.go:119.17,120.12 1 1
github.com/jef/moltenhub-code/internal/failurefollowup/prompt.go:122.3,122.30 1 1
github.com/jef/moltenhub-code/internal/failurefollowup/prompt.go:124.2,124.21 1 1
github.com/jef/moltenhub-code/internal/failurefollowup/prompt.go:124.21,126.3 1 1
github.com/jef/moltenhub-code/internal/failurefollowup/prompt.go:127.2,127.38 1 1
github.com/jef/moltenhub-code/internal/failurefollowup/prompt.go:130.46,132.16 2 1
github.com/jef/moltenhub-code/internal/failurefollowup/prompt.go:132.16,134.3 1 1
github.com/jef/moltenhub-code/internal/failurefollowup/prompt.go:136.2,138.33 3 1
github.com/jef/moltenhub-code/internal/failurefollowup/prompt.go:138.33,140.10 2 1
github.com/jef/moltenhub-code/internal/failurefollowup/prompt.go:141.89,143.25 2 1
github.com/jef/moltenhub-code/internal/failurefollowup/prompt.go:144.44,145.37 1 1
github.com/jef/moltenhub-code/internal/failurefollowup/prompt.go:145.37,146.13 1 1
github.com/jef/moltenhub-code/internal/failurefollowup/prompt.go:148.4,149.25 2 1
github.com/jef/moltenhub-code/internal/failurefollowup/prompt.go:150.11,151.37 1 1
github.com/jef/moltenhub-code/internal/failurefollowup/prompt.go:151.37,152.13 1 1
github.com/jef/moltenhub-code/internal/failurefollowup/prompt.go:154.4,155.24 2 1
github.com/jef/moltenhub-code/internal/failurefollowup/prompt.go:159.2,160.19 2 1
github.com/jef/moltenhub-code/internal/failurefollowup/prompt.go:160.19,162.3 1 1
github.com/jef/moltenhub-code/internal/failurefollowup/prompt.go:163.2,163.16 1 1
github.com/jef/moltenhub-code/internal/slug/slug.go:14.39,17.17 3 1
github.com/jef/moltenhub-code/internal/slug/slug.go:17.17,19.3 1 1
github.com/jef/moltenhub-code/internal/slug/slug.go:20.2,22.13 3 1
github.com/jef/moltenhub-code/internal/slug/slug.go:22.13,24.3 1 1
github.com/jef/moltenhub-code/internal/slug/slug.go:25.2,25.17 1 1
github.com/jef/moltenhub-code/internal/slug/slug.go:25.17,28.3 2 1
github.com/jef/moltenhub-code/internal/slug/slug.go:29.2,29.13 1 1
github.com/jef/moltenhub-code/internal/slug/slug.go:29.13,31.3 1 0
github.com/jef/moltenhub-code/internal/slug/slug.go:32.2,32.10 1 1
github.com/jef/moltenhub-code/internal/slug/slug.go:35.54,37.18 2 1
github.com/jef/moltenhub-code/internal/slug/slug.go:37.18,39.3 1 1
github.com/jef/moltenhub-code/internal/slug/slug.go:40.2,42.19 3 1
github.com/jef/moltenhub-code/internal/slug/slug.go:42.19,44.3 1 1
github.com/jef/moltenhub-code/internal/slug/slug.go:45.2,45.16 1 1
github.com/jef/moltenhub-code/internal/slug/slug.go:49.67,54.2 4 1
github.com/jef/moltenhub-code/internal/agentruntime/runtime.go:63.64,66.9 3 1
github.com/jef/moltenhub-code/internal/agentruntime/runtime.go:66.9,72.3 1 1
github.com/jef/moltenhub-code/internal/agentruntime/runtime.go:74.2,75.19 2 1
github.com/jef/moltenhub-code/internal/agentruntime/runtime.go:75.19,77.3 1 1
github.com/jef/moltenhub-code/internal/agentruntime/runtime.go:79.2,83.8 1 1
github.com/jef/moltenhub-code/internal/agentruntime/runtime.go:87.24,94.2 2 1
github.com/jef/moltenhub-code/internal/agentruntime/runtime.go:97.36,99.31 2 1
github.com/jef/moltenhub-code/internal/agentruntime/runtime.go:99.31,101.3 1 1
github.com/jef/moltenhub-code/internal/agentruntime/runtime.go:102.2,103.13 2 1
github.com/jef/moltenhub-code/internal/agentruntime/runtime.go:107.41,109.54 2 1
github.com/jef/moltenhub-code/internal/agentruntime/runtime.go:109.54,111.3 1 1
github.com/jef/moltenhub-code/internal/agentruntime/runtime.go:112.2,112.44 1 1
github.com/jef/moltenhub-code/internal/agentruntime/runtime.go:116.43,118.2 1 1
github.com/jef/moltenhub-code/internal/agentruntime/runtime.go:121.51,123.2 1 1
github.com/jef/moltenhub-code/internal/agentruntime/runtime.go:126.97,128.9 2 1
github.com/jef/moltenhub-code/internal/agentruntime/runtime.go:128.9,130.3 1 1
github.com/jef/moltenhub-code/internal/agentruntime/runtime.go:132.2,133.16 2 1
github.com/jef/moltenhub-code/internal/agentruntime/runtime.go:133.16,135.3 1 1
github.com/jef/moltenhub-code/internal/agentruntime/runtime.go:136.2,137.20 2 1
github.com/jef/moltenhub-code/internal/agentruntime/runtime.go:137.20,139.3 1 1
github.com/jef/moltenhub-code/internal/agentruntime/runtime.go:140.2,140.17 1 1
github.com/jef/moltenhub-code/internal/agentruntime/runtime.go:143.46,145.22 2 1
github.com/jef/moltenhub-code/internal/agentruntime/runtime.go:145.22,147.3 1 1
github.com/jef/moltenhub-code/internal/agentruntime/runtime.go:148.2,148.19 1 1
github.com/jef/moltenhub-code/internal/agentruntime/runtime.go:151.90,153.27 2 1
github.com/jef/moltenhub-code/internal/agentruntime/runtime.go:153.27,155.3 1 1
github.com/jef/moltenhub-code/internal/agentruntime/runtime.go:156.2,156.44 1 1
github.com/jef/moltenhub-code/internal/agentruntime/runtime.go:156.44,158.22 2 1
github.com/jef/moltenhub-code/internal/agentruntime/runtime.go:158.22,159.12 1 1
github.com/jef/moltenhub-code/internal/agentruntime/runtime.go:161.3,161.44 1 1
github.com/jef/moltenhub-code/internal/agentruntime/runtime.go:164.2,168.8 1 1
github.com/jef/moltenhub-code/internal/agentruntime/runtime.go:171.91,172.73 1 1
github.com/jef/moltenhub-code/internal/agentruntime/runtime.go:172.73,174.3 1 1
github.com/jef/moltenhub-code/internal/agentruntime/runtime.go:176.2,182.55 2 1
github.com/jef/moltenhub-code/internal/agentruntime/runtime.go:185.91,186.73 1 1
github.com/jef/moltenhub-code/internal/agentruntime/runtime.go:186.73,188.3 1 1
github.com/jef/moltenhub-code/internal/agentruntime/runtime.go:190.2,191.55 2 1
github.com/jef/moltenhub-code/internal/agentruntime/runtime.go:194.48,196.31 2 1
github.com/jef/moltenhub-code/internal/agentruntime/runtime.go:196.31,197.37 1 1
github.com/jef/moltenhub-code/internal/agentruntime/runtime.go:197.37,199.4 1 1
github.com/jef/moltenhub-code/internal/agentruntime/runtime.go:201.2,201.14 1 1
github.com/jef/moltenhub-code/internal/workspace/workspace.go:40.27,49.2 1 1
github.com/jef/moltenhub-code/internal/workspace/workspace.go:52.34,54.2 1 1
github.com/jef/moltenhub-code/internal/workspace/workspace.go:57.38,59.19 2 1
github.com/jef/moltenhub-code/internal/workspace/workspace.go:59.19,61.3 1 1
github.com/jef/moltenhub-code/internal/workspace/workspace.go:62.2,63.20 2 1
github.com/jef/moltenhub-code/internal/workspace/workspace.go:63.20,65.3 1 1
github.com/jef/moltenhub-code/internal/workspace/workspace.go:66.2,67.41 2 1
github.com/jef/moltenhub-code/internal/workspace/workspace.go:67.41,69.3 1 1
github.com/jef/moltenhub-code/internal/workspace/workspace.go:70.2,70.29 1 1
github.com/jef/moltenhub-code/internal/workspace/workspace.go:74.39,76.21 2 1
github.com/jef/moltenhub-code/internal/workspace/workspace.go:76.21,78.3 1 0
github.com/jef/moltenhub-code/internal/workspace/workspace.go:80.2,81.45 2 1
github.com/jef/moltenhub-code/internal/workspace/workspace.go:81.45,82.50 1 1
github.com/jef/moltenhub-code/internal/workspace/workspace.go:82.50,84.12 2 1
github.com/jef/moltenhub-code/internal/workspace/workspace.go:86.3,86.13 1 1
github.com/jef/moltenhub-code/internal/workspace/workspace.go:89.2,89.20 1 1
github.com/jef/moltenhub-code/internal/workspace/workspace.go:89.20,91.3 1 1
github.com/jef/moltenhub-code/internal/workspace/workspace.go:92.2,92.75 1 0
github.com/jef/moltenhub-code/internal/workspace/workspace.go:96.57,98.21 2 1
github.com/jef/moltenhub-code/internal/workspace/workspace.go:98.21,100.3 1 1
github.com/jef/moltenhub-code/internal/workspace/workspace.go:101.2,102.19 2 1
github.com/jef/moltenhub-code/internal/workspace/workspace.go:102.19,104.3 1 0
github.com/jef/moltenhub-code/internal/workspace/workspace.go:106.2,107.16 2 1
github.com/jef/moltenhub-code/internal/workspace/workspace.go:107.16,109.3 1 1
github.com/jef/moltenhub-code/internal/workspace/workspace.go:111.2,112.45 2 1
github.com/jef/moltenhub-code/internal/workspace/workspace.go:112.45,113.50 1 1
github.com/jef/moltenhub-code/internal/workspace/workspace.go:113.50,115.12 2 1
github.com/jef/moltenhub-code/internal/workspace/workspace.go:118.3,119.49 2 1
github.com/jef/moltenhub-code/internal/workspace/workspace.go:119.49,121.12 2 0
github.com/jef/moltenhub-code/internal/workspace/workspace.go:123.3,123.27 1 1
github.com/jef/moltenhub-code/internal/workspace/workspace.go:126.2,126.20 1 1
github.com/jef/moltenhub-code/internal/workspace/workspace.go:126.20,128.3 1 1
github.com/jef/moltenhub-code/internal/workspace/workspace.go:129.2,129.75 1 0
github.com/jef/moltenhub-code/internal/workspace/workspace.go:133.64,135.21 2 1
github.com/jef/moltenhub-code/internal/workspace/workspace.go:135.21,137.3 1 0
github.com/jef/moltenhub-code/internal/workspace/workspace.go:138.2,139.22 2 1
github.com/jef/moltenhub-code/internal/workspace/workspace.go:139.22,141.3 1 1
github.com/jef/moltenhub-code/internal/workspace/workspace.go:143.2,144.16 2 1
github.com/jef/moltenhub-code/internal/workspace/workspace.go:144.16,146.59 2 1
github.com/jef/moltenhub-code/internal/workspace/workspace.go:146.59,148.4 1 1
github.com/jef/moltenhub-code/internal/workspace/workspace.go:149.3,149.17 1 1
github.com/jef/moltenhub-code/internal/workspace/workspace.go:149.17,151.4 1 1
github.com/jef/moltenhub-code/internal/workspace/workspace.go:153.2,154.55 2 1
github.com/jef/moltenhub-code/internal/workspace/workspace.go:154.55,156.3 1 1
github.com/jef/moltenhub-code/internal/workspace/workspace.go:157.2,157.17 1 1
github.com/jef/moltenhub-code/internal/workspace/workspace.go:160.35,162.16 2 1
github.com/jef/moltenhub-code/internal/workspace/workspace.go:162.16,164.3 1 1
github.com/jef/moltenhub-code/internal/workspace/workspace.go:165.2,165.19 1 1
github.com/jef/moltenhub-code/internal/workspace/workspace.go:168.39,170.16 2 1
github.com/jef/moltenhub-code/internal/workspace/workspace.go:170.16,172.3 1 1
github.com/jef/moltenhub-code/internal/workspace/workspace.go:173.2,173.54 1 1
github.com/jef/moltenhub-code/internal/workspace/workspace.go:173.54,175.3 1 1
github.com/jef/moltenhub-code/internal/workspace/workspace.go:176.2,176.29 1 1
github.com/jef/moltenhub-code/internal/workspace/workspace.go:176.29,179.3 2 0
github.com/jef/moltenhub-code/internal/workspace/workspace.go:180.2,181.9 2 1
github.com/jef/moltenhub-code/internal/workspace/workspace.go:181.9,185.3 2 0
github.com/jef/moltenhub-code/internal/workspace/workspace.go:186.2,189.16 4 1
github.com/jef/moltenhub-code/internal/workspace/workspace.go:192.73,194.22 2 1
github.com/jef/moltenhub-code/internal/workspace/workspace.go:194.22,196.3 1 0
github.com/jef/moltenhub-code/internal/workspace/workspace.go:197.2,197.83 1 1
github.com/jef/moltenhub-code/internal/workspace/workspace.go:197.83,199.3 1 1
github.com/jef/moltenhub-code/internal/workspace/workspace.go:200.2,200.76 1 1
github.com/jef/moltenhub-code/internal/workspace/workspace.go:200.76,202.3 1 0
github.com/jef/moltenhub-code/internal/workspace/workspace.go:203.2,203.19 1 1
github.com/jef/moltenhub-code/internal/workspace/workspace.go:206.91,208.16 2 1
github.com/jef/moltenhub-code/internal/workspace/workspace.go:208.16,210.3 1 1
github.com/jef/moltenhub-code/internal/workspace/workspace.go:211.2,219.21 6 1
github.com/jef/moltenhub-code/internal/workspace/workspace.go:219.21,221.54 2 1
github.com/jef/moltenhub-code/internal/workspace/workspace.go:221.54,222.12 1 1
github.com/jef/moltenhub-code/internal/workspace/workspace.go:224.3,224.37 1 1
github.com/jef/moltenhub-code/internal/workspace/workspace.go:224.37,227.4 2 1
github.com/jef/moltenhub-code/internal/workspace/workspace.go:229.2,229.23 1 1
github.com/jef/moltenhub-code/internal/workspace/workspace.go:229.23,231.3 1 1
github.com/jef/moltenhub-code/internal/workspace/workspace.go:232.2,232.19 1 1
github.com/jef/moltenhub-code/internal/workspace/workspace.go:235.92,237.16 2 1
github.com/jef/moltenhub-code/internal/workspace/workspace.go:237.16,239.3 1 0
github.com/jef/moltenhub-code/internal/workspace/workspace.go:240.2,248.21 6 1
github.com/jef/moltenhub-code/internal/workspace/workspace.go:248.21,250.54 2 1
github.com/jef/moltenhub-code/internal/workspace/workspace.go:250.54,251.12 1 1
github.com/jef/moltenhub-code/internal/workspace/workspace.go:253.3,253.37 1 1
github.com/jef/moltenhub-code/internal/workspace/workspace.go:253.37,256.4 2 1
github.com/jef/moltenhub-code/internal/workspace/workspace.go:258.2,258.23 1 1
github.com/jef/moltenhub-code/internal/workspace/workspace.go:258.23,260.3 1 1
github.com/jef/moltenhub-code/internal/workspace/workspace.go:261.2,261.19 1 1
github.com/jef/moltenhub-code/internal/workspace/workspace.go:264.61,266.21 2 1
github.com/jef/moltenhub-code/internal/workspace/workspace.go:266.21,268.3 1 1
github.com/jef/moltenhub-code/internal/workspace/workspace.go:269.2,271.37 3 1
github.com/jef/moltenhub-code/internal/workspace/workspace.go:271.37,273.3 1 0
github.com/jef/moltenhub-code/internal/workspace/workspace.go:275.2,278.24 4 1
github.com/jef/moltenhub-code/internal/workspace/workspace.go:278.24,279.20 1 1
github.com/jef/moltenhub-code/internal/workspace/workspace.go:279.20,281.4 1 1
github.com/jef/moltenhub-code/internal/workspace/workspace.go:282.3,282.26 1 1
github.com/jef/moltenhub-code/internal/workspace/workspace.go:284.2,284.22 1 1
github.com/jef/moltenhub-code/internal/workspace/workspace.go:284.22,286.3 1 0
github.com/jef/moltenhub-code/internal/workspace/workspace.go:287.2,287.34 1 1
github.com/jef/moltenhub-code/internal/workspace/workspace.go:290.62,292.21 2 1
github.com/jef/moltenhub-code/internal/workspace/workspace.go:292.21,294.3 1 1
github.com/jef/moltenhub-code/internal/workspace/workspace.go:295.2,296.22 2 1
github.com/jef/moltenhub-code/internal/workspace/workspace.go:296.22,298.3 1 0
github.com/jef/moltenhub-code/internal/workspace/workspace.go:299.2,299.55 1 1
github.com/jef/moltenhub-code/internal/workspace/workspace.go:302.56,304.47 2 1
github.com/jef/moltenhub-code/internal/workspace/workspace.go:304.47,306.17 2 1
github.com/jef/moltenhub-code/internal/workspace/workspace.go:306.17,307.12 1 1
github.com/jef/moltenhub-code/internal/workspace/workspace.go:309.3,309.26 1 1
github.com/jef/moltenhub-code/internal/workspace/workspace.go:311.2,311.13 1 1
github.com/jef/moltenhub-code/internal/workspace/workspace.go:314.52,317.36 3 1
github.com/jef/moltenhub-code/internal/workspace/workspace.go:317.36,319.3 1 0
github.com/jef/moltenhub-code/internal/workspace/workspace.go:320.2,320.23 1 1
github.com/jef/moltenhub-code/internal/workspace/workspace.go:320.23,322.3 1 1
github.com/jef/moltenhub-code/internal/workspace/workspace.go:323.2,323.70 1 1
github.com/jef/moltenhub-code/internal/workspace/workspace.go:326.42,328.42 2 1
github.com/jef/moltenhub-code/internal/workspace/workspace.go:328.42,330.3 1 1
github.com/jef/moltenhub-code/internal/workspace/workspace.go:331.2,333.30 3 1
github.com/jef/moltenhub-code/internal/workspace/workspace.go:333.30,334.96 1 1
github.com/jef/moltenhub-code/internal/workspace/workspace.go:334.96,336.12 2 1
github.com/jef/moltenhub-code/internal/workspace/workspace.go:338.3,340.9 3 1
github.com/jef/moltenhub-code/internal/workspace/workspace.go:342.2,342.19 1 1
github.com/jef/moltenhub-code/internal/workspace/workspace.go:345.27,347.2 1 1
github.com/jef/moltenhub-code/internal/workspace/workspace.go:349.23,353.2 3 1
github.com/jef/moltenhub-code/internal/workspace/workspace.go:355.37,356.81 1 1
github.com/jef/moltenhub-code/internal/workspace/workspace.go:356.81,357.64 1 1
github.com/jef/moltenhub-code/internal/workspace/workspace.go:357.64,359.4 1 1
github.com/jef/moltenhub-code/internal/workspace/workspace.go:361.2,361.39 1 1
github.com/jef/moltenhub-code/internal/workspace/workspace.go:361.39,362.57 1 1
github.com/jef/moltenhub-code/internal/workspace/workspace.go:362.57,364.4 1 1
github.com/jef/moltenhub-code/internal/workspace/workspace.go:366.2,366.49 1 1
github.com/jef/moltenhub-code/internal/workspace/workspace.go:366.49,367.76 1 1
github.com/jef/moltenhub-code/internal/workspace/workspace.go:367.76,369.4 1 0
github.com/jef/moltenhub-code/internal/workspace/workspace.go:371.2,371.11 1 1
github.com/jef/moltenhub-code/internal/workspace/workspace.go:374.62,377.37 3 1
github.com/jef/moltenhub-code/internal/workspace/workspace.go:377.37,379.3 1 1
github.com/jef/moltenhub-code/internal/workspace/workspace.go:381.2,382.6 2 1
github.com/jef/moltenhub-code/internal/workspace/workspace.go:382.6,384.63 2 1
github.com/jef/moltenhub-code/internal/workspace/workspace.go:384.63,386.4 1 1
github.com/jef/moltenhub-code/internal/workspace/workspace.go:387.3,388.24 2 1
github.com/jef/moltenhub-code/internal/workspace/workspace.go:388.24,390.4 1 1
github.com/jef/moltenhub-code/internal/workspace/workspace.go:391.3,391.19 1 1
github.com/jef/moltenhub-code/internal/workspace/workspace.go:395.44,398.35 3 1
github.com/jef/moltenhub-code/internal/workspace/workspace.go:398.35,400.3 1 1
github.com/jef/moltenhub-code/internal/workspace/workspace.go:401.2,404.3 1 1
github.com/jef/moltenhub-code/internal/workspace/workspace.go:407.33,408.87 1 1
github.com/jef/moltenhub-code/internal/workspace/workspace.go:408.87,410.3 1 1
github.com/jef/moltenhub-code/internal/workspace/workspace.go:411.2,411.23 1 1
github.com/jef/moltenhub-code/internal/workspace/workspace.go:414.34,415.88 1 1
github.com/jef/moltenhub-code/internal/workspace/workspace.go:415.88,417.3 1 1
github.com/jef/moltenhub-code/internal/workspace/workspace.go:418.2,418.24 1 1
github.com/jef/moltenhub-code/internal/workspace/workspace.go:421.43,423.22 2 1
github.com/jef/moltenhub-code/internal/workspace/workspace.go:423.22,425.3 1 1
github.com/jef/moltenhub-code/internal/workspace/workspace.go:426.2,427.73 2 1
github.com/jef/moltenhub-code/internal/workspace/workspace.go:427.73,429.3 1 1
github.com/jef/moltenhub-code/internal/workspace/workspace.go:430.2,430.90 1 1
github.com/jef/moltenhub-code/internal/workspace/workspace.go:430.90,432.3 1 1
github.com/jef/moltenhub-code/internal/workspace/workspace.go:433.2,433.19 1 0
github.com/jef/moltenhub-code/internal/workspace/workspace.go:436.47,438.2 1 1
github.com/jef/moltenhub-code/internal/execx/execx.go:44.71,46.2 1 1
github.com/jef/moltenhub-code/internal/execx/execx.go:49.104,51.2 1 1
github.com/jef/moltenhub-code/internal/execx/execx.go:53.97,55.19 2 1
github.com/jef/moltenhub-code/internal/execx/execx.go:55.19,57.3 1 1
github.com/jef/moltenhub-code/internal/execx/execx.go:58.2,58.21 1 1
github.com/jef/moltenhub-code/internal/execx/execx.go:58.21,60.3 1 1
github.com/jef/moltenhub-code/internal/execx/execx.go:62.2,73.16 11 1
github.com/jef/moltenhub-code/internal/execx/execx.go:73.16,74.56 1 1
github.com/jef/moltenhub-code/internal/execx/execx.go:74.56,76.4 1 1
github.com/jef/moltenhub-code/internal/execx/execx.go:77.3,77.67 1 1
github.com/jef/moltenhub-code/internal/execx/execx.go:79.2,79.17 1 1
github.com/jef/moltenhub-code/internal/execx/execx.go:82.46,83.61 1 1
github.com/jef/moltenhub-code/internal/execx/execx.go:83.61,85.3 1 1
github.com/jef/moltenhub-code/internal/execx/execx.go:86.2,86.40 1 1
github.com/jef/moltenhub-code/internal/execx/execx.go:89.46,93.16 4 1
github.com/jef/moltenhub-code/internal/execx/execx.go:93.16,95.3 1 1
github.com/jef/moltenhub-code/internal/execx/execx.go:97.2,99.56 3 1
github.com/jef/moltenhub-code/internal/execx/execx.go:99.56,101.17 2 1
github.com/jef/moltenhub-code/internal/execx/execx.go:101.17,102.12 1 1
github.com/jef/moltenhub-code/internal/execx/execx.go:104.3,104.28 1 1
github.com/jef/moltenhub-code/internal/execx/execx.go:106.2,106.20 1 1
github.com/jef/moltenhub-code/internal/execx/execx.go:106.20,108.3 1 0
github.com/jef/moltenhub-code/internal/execx/execx.go:109.2,109.53 1 1
github.com/jef/moltenhub-code/internal/execx/execx.go:109.53,111.3 1 1
github.com/jef/moltenhub-code/internal/execx/execx.go:113.2,115.36 3 1
github.com/jef/moltenhub-code/internal/execx/execx.go:115.36,117.3 1 1
github.com/jef/moltenhub-code/internal/execx/execx.go:118.2,118.16 1 1
github.com/jef/moltenhub-code/internal/execx/execx.go:127.52,128.34 1 1
github.com/jef/moltenhub-code/internal/execx/execx.go:128.34,130.3 1 1
github.com/jef/moltenhub-code/internal/execx/execx.go:132.2,133.6 2 1
github.com/jef/moltenhub-code/internal/execx/execx.go:133.6,136.14 3 1
github.com/jef/moltenhub-code/internal/execx/execx.go:136.14,137.9 1 1
github.com/jef/moltenhub-code/internal/execx/execx.go:140.3,141.36 2 1
github.com/jef/moltenhub-code/internal/execx/execx.go:141.36,143.4 1 1
github.com/jef/moltenhub-code/internal/execx/execx.go:144.3,145.26 2 1
github.com/jef/moltenhub-code/internal/execx/execx.go:148.2,148.20 1 1
github.com/jef/moltenhub-code/internal/execx/execx.go:151.31,152.58 1 1
github.com/jef/moltenhub-code/internal/execx/execx.go:152.58,154.3 1 1
github.com/jef/moltenhub-code/internal/execx/execx.go:155.2,156.35 2 1
github.com/jef/moltenhub-code/internal/execx/execx.go:156.35,158.3 1 0
github.com/jef/moltenhub-code/internal/execx/execx.go:159.2,160.27 2 1
